[0.547s] DEBUG:colcon:Command line arguments: ['/usr/bin/colcon', 'build']
[0.548s] DEBUG:colcon:Parsed command line arguments: Namespace(log_base=None, log_level=None, verb_name='build', build_base='build', install_base='install', merge_install=False, symlink_install=False, test_result_base=None, continue_on_error=False, executor='parallel', parallel_workers=4, event_handlers=None, ignore_user_meta=False, metas=['./colcon.meta'], base_paths=['.'], packages_ignore=None, packages_ignore_regex=None, paths=None, packages_up_to=None, packages_up_to_regex=None, packages_above=None, packages_above_and_dependencies=None, packages_above_depth=None, packages_select_by_dep=None, packages_skip_by_dep=None, packages_skip_up_to=None, packages_select_build_failed=False, packages_skip_build_finished=False, packages_select_test_failures=False, packages_skip_test_passed=False, packages_select=None, packages_skip=None, packages_select_regex=None, packages_skip_regex=None, packages_start=None, packages_end=None, allow_overriding=[], cmake_args=None, cmake_target=None, cmake_target_skip_unavailable=False, cmake_clean_cache=False, cmake_clean_first=False, cmake_force_configure=False, ament_cmake_args=None, catkin_cmake_args=None, catkin_skip_building_tests=False, verb_parser=<colcon_defaults.argument_parser.defaults.DefaultArgumentsDecorator object at 0x7f7fbfa9bbb0>, verb_extension=<colcon_core.verb.build.BuildVerb object at 0x7f7fbfa9b6a0>, main=<bound method BuildVerb.main of <colcon_core.verb.build.BuildVerb object at 0x7f7fbfa9b6a0>>)
[1.422s] Level 1:colcon.colcon_core.package_discovery:discover_packages(colcon_meta) check parameters
[1.423s] Level 1:colcon.colcon_core.package_discovery:discover_packages(recursive) check parameters
[1.423s] Level 1:colcon.colcon_core.package_discovery:discover_packages(ignore) check parameters
[1.423s] Level 1:colcon.colcon_core.package_discovery:discover_packages(path) check parameters
[1.423s] Level 1:colcon.colcon_core.package_discovery:discover_packages(colcon_meta) discover
[1.423s] Level 1:colcon.colcon_core.package_discovery:discover_packages(recursive) discover
[1.423s] INFO:colcon.colcon_core.package_discovery:Crawling recursively for packages in '/home/kotosham/ros2_ws/src/ar_project'
[1.423s] Level 1:colcon.colcon_core.package_identification:_identify(.) by extensions ['ignore', 'ignore_ament_install']
[1.423s] Level 1:colcon.colcon_core.package_identification:_identify(.) by extension 'ignore'
[1.424s] Level 1:colcon.colcon_core.package_identification:_identify(.) by extension 'ignore_ament_install'
[1.424s] Level 1:colcon.colcon_core.package_identification:_identify(.) by extensions ['colcon_pkg']
[1.424s] Level 1:colcon.colcon_core.package_identification:_identify(.) by extension 'colcon_pkg'
[1.424s] Level 1:colcon.colcon_core.package_identification:_identify(.) by extensions ['colcon_meta']
[1.424s] Level 1:colcon.colcon_core.package_identification:_identify(.) by extension 'colcon_meta'
[1.424s] Level 1:colcon.colcon_core.package_identification:_identify(.) by extensions ['ros']
[1.424s] Level 1:colcon.colcon_core.package_identification:_identify(.) by extension 'ros'
[1.457s] DEBUG:colcon.colcon_core.package_identification:Package '.' with type 'ros.ament_cmake' and name 'ar_project'
[1.457s] Level 1:colcon.colcon_core.package_discovery:discover_packages(recursive) using defaults
[1.458s] Level 1:colcon.colcon_core.package_discovery:discover_packages(ignore) discover
[1.458s] Level 1:colcon.colcon_core.package_discovery:discover_packages(ignore) using defaults
[1.458s] Level 1:colcon.colcon_core.package_discovery:discover_packages(path) discover
[1.458s] Level 1:colcon.colcon_core.package_discovery:discover_packages(path) using defaults
[1.517s] Level 1:colcon.colcon_core.package_discovery:discover_packages(prefix_path) check parameters
[1.517s] Level 1:colcon.colcon_core.package_discovery:discover_packages(prefix_path) discover
[1.523s] WARNING:colcon.colcon_core.prefix_path.colcon:The path '/home/kotosham/ros2_ws/src/install' in the environment variable COLCON_PREFIX_PATH doesn't exist
[1.523s] WARNING:colcon.colcon_ros.prefix_path.ament:The path '/home/kotosham/ros2_ws/src/install/wheeled_robot' in the environment variable AMENT_PREFIX_PATH doesn't exist
[1.523s] WARNING:colcon.colcon_ros.prefix_path.ament:The path '/home/kotosham/ros2_ws/src/install/object_tracking' in the environment variable AMENT_PREFIX_PATH doesn't exist
[1.524s] WARNING:colcon.colcon_ros.prefix_path.ament:The path '/home/kotosham/ros2_ws/src/install/ar_project' in the environment variable AMENT_PREFIX_PATH doesn't exist
[1.525s] WARNING:colcon.colcon_ros.prefix_path.catkin:The path '/home/kotosham/ros2_ws/src/install/wheeled_robot' in the environment variable CMAKE_PREFIX_PATH doesn't exist
[1.525s] WARNING:colcon.colcon_ros.prefix_path.catkin:The path '/home/kotosham/ros2_ws/src/install/ar_project' in the environment variable CMAKE_PREFIX_PATH doesn't exist
[1.535s] DEBUG:colcon.colcon_installed_package_information.package_discovery:Found 370 installed packages in /opt/ros/humble
[1.558s] Level 1:colcon.colcon_core.package_discovery:discover_packages(prefix_path) using defaults
[1.873s] Level 5:colcon.colcon_core.verb:set package 'ar_project' build argument 'cmake_args' from command line to 'None'
[1.874s] Level 5:colcon.colcon_core.verb:set package 'ar_project' build argument 'cmake_target' from command line to 'None'
[1.874s] Level 5:colcon.colcon_core.verb:set package 'ar_project' build argument 'cmake_target_skip_unavailable' from command line to 'False'
[1.874s] Level 5:colcon.colcon_core.verb:set package 'ar_project' build argument 'cmake_clean_cache' from command line to 'False'
[1.874s] Level 5:colcon.colcon_core.verb:set package 'ar_project' build argument 'cmake_clean_first' from command line to 'False'
[1.874s] Level 5:colcon.colcon_core.verb:set package 'ar_project' build argument 'cmake_force_configure' from command line to 'False'
[1.874s] Level 5:colcon.colcon_core.verb:set package 'ar_project' build argument 'ament_cmake_args' from command line to 'None'
[1.874s] Level 5:colcon.colcon_core.verb:set package 'ar_project' build argument 'catkin_cmake_args' from command line to 'None'
[1.874s] Level 5:colcon.colcon_core.verb:set package 'ar_project' build argument 'catkin_skip_building_tests' from command line to 'False'
[1.874s] DEBUG:colcon.colcon_core.verb:Building package 'ar_project' with the following arguments: {'ament_cmake_args': None, 'build_base': '/home/kotosham/ros2_ws/src/ar_project/build/ar_project', 'catkin_cmake_args': None, 'catkin_skip_building_tests': False, 'cmake_args': None, 'cmake_clean_cache': False, 'cmake_clean_first': False, 'cmake_force_configure': False, 'cmake_target': None, 'cmake_target_skip_unavailable': False, 'install_base': '/home/kotosham/ros2_ws/src/ar_project/install/ar_project', 'merge_install': False, 'path': '/home/kotosham/ros2_ws/src/ar_project', 'symlink_install': False, 'test_result_base': None}
[1.874s] INFO:colcon.colcon_core.executor:Executing jobs using 'parallel' executor
[1.876s] DEBUG:colcon.colcon_parallel_executor.executor.parallel:run_until_complete
[1.877s] INFO:colcon.colcon_ros.task.ament_cmake.build:Building ROS package in '/home/kotosham/ros2_ws/src/ar_project' with build type 'ament_cmake'
[1.877s] INFO:colcon.colcon_cmake.task.cmake.build:Building CMake package in '/home/kotosham/ros2_ws/src/ar_project'
[1.890s] INFO:colcon.colcon_core.plugin_system:Skipping extension 'colcon_core.shell.bat': Not used on non-Windows systems
[1.890s] INFO:colcon.colcon_core.shell:Skip shell extension 'powershell' for command environment: Not usable outside of PowerShell
[1.890s] DEBUG:colcon.colcon_core.shell:Skip shell extension 'dsv' for command environment
[1.993s] DEBUG:colcon.colcon_core.event_handler.log_command:Invoking command in '/home/kotosham/ros2_ws/src/ar_project/build/ar_project': CMAKE_PREFIX_PATH=${CMAKE_PREFIX_PATH}:/home/kotosham/ros2_ws/src/install/object_tracking:/opt/ros/humble /usr/bin/cmake /home/kotosham/ros2_ws/src/ar_project -DCMAKE_INSTALL_PREFIX=/home/kotosham/ros2_ws/src/ar_project/install/ar_project
